{
  "/Users/ss/Documents/learn/lelangin/src/utils/date.ts": {
    "path": "/Users/ss/Documents/learn/lelangin/src/utils/date.ts",
    "statementMap": {
      "0": { "start": { "line": 8, "column": 2 }, "end": { "line": 8, "column": 56 } },
      "1": { "start": { "line": 16, "column": 2 }, "end": { "line": 16, "column": 44 } },
      "2": { "start": { "line": 23, "column": 2 }, "end": { "line": 23, "column": 22 } }
    },
    "fnMap": {
      "0": {
        "name": "formatRelative",
        "decl": { "start": { "line": 7, "column": 16 }, "end": { "line": 7, "column": 30 } },
        "loc": { "start": { "line": 7, "column": 51 }, "end": { "line": 9, "column": 1 } },
        "line": 7
      },
      "1": {
        "name": "formatDateTime",
        "decl": { "start": { "line": 15, "column": 16 }, "end": { "line": 15, "column": 30 } },
        "loc": { "start": { "line": 15, "column": 51 }, "end": { "line": 17, "column": 1 } },
        "line": 15
      },
      "2": {
        "name": "isExpired",
        "decl": { "start": { "line": 22, "column": 16 }, "end": { "line": 22, "column": 25 } },
        "loc": { "start": { "line": 22, "column": 47 }, "end": { "line": 24, "column": 1 } },
        "line": 22
      }
    },
    "branchMap": {},
    "s": { "0": 2, "1": 2, "2": 2 },
    "f": { "0": 2, "1": 2, "2": 2 },
    "b": {},
    "_coverageSchema": "1a1c01bbd47fc00a2c39e90264f33305004495a9",
    "hash": "af53437acc0e3dd7dc48c2c7f0d7f41610cdec85"
  }
}
