{
  "/Users/ss/Documents/learn/lelangin/src/utils/string.ts": {
    "path": "/Users/ss/Documents/learn/lelangin/src/utils/string.ts",
    "statementMap": {
      "0": { "start": { "line": 9, "column": 2 }, "end": { "line": 9, "column": 34 } },
      "1": { "start": { "line": 19, "column": 2 }, "end": { "line": 19, "column": 39 } },
      "2": { "start": { "line": 19, "column": 28 }, "end": { "line": 19, "column": 39 } },
      "3": { "start": { "line": 20, "column": 2 }, "end": { "line": 20, "column": 36 } }
    },
    "fnMap": {
      "0": {
        "name": "maskName",
        "decl": { "start": { "line": 8, "column": 16 }, "end": { "line": 8, "column": 24 } },
        "loc": { "start": { "line": 8, "column": 47 }, "end": { "line": 10, "column": 1 } },
        "line": 8
      },
      "1": {
        "name": "truncate",
        "decl": { "start": { "line": 18, "column": 16 }, "end": { "line": 18, "column": 24 } },
        "loc": { "start": { "line": 18, "column": 62 }, "end": { "line": 21, "column": 1 } },
        "line": 18
      }
    },
    "branchMap": {
      "0": {
        "loc": { "start": { "line": 19, "column": 2 }, "end": { "line": 19, "column": 39 } },
        "type": "if",
        "locations": [
          { "start": { "line": 19, "column": 2 }, "end": { "line": 19, "column": 39 } },
          { "start": {}, "end": {} }
        ],
        "line": 19
      }
    },
    "s": { "0": 5, "1": 4, "2": 2, "3": 2 },
    "f": { "0": 5, "1": 4 },
    "b": { "0": [2, 2] },
    "_coverageSchema": "1a1c01bbd47fc00a2c39e90264f33305004495a9",
    "hash": "88005e5fd0f5d4d43071dcb45ca4db445574e543"
  }
}
